Release 14.7 - xst P.20131013 (nt64)
Copyright (c) 1995-2013 Xilinx, Inc.  All rights reserved.
--> Parameter TMPDIR set to xst/projnav.tmp


Total REAL time to Xst completion: 0.00 secs
Total CPU time to Xst completion: 0.09 secs
 
--> Parameter xsthdpdir set to xst


Total REAL time to Xst completion: 0.00 secs
Total CPU time to Xst completion: 0.09 secs
 
--> Reading design: vt100.prj

TABLE OF CONTENTS
  1) Synthesis Options Summary
  2) HDL Compilation
  3) Design Hierarchy Analysis
  4) HDL Analysis
  5) HDL Synthesis
     5.1) HDL Synthesis Report
  6) Advanced HDL Synthesis
     6.1) Advanced HDL Synthesis Report
  7) Low Level Synthesis
  8) Partition Report
  9) Final Report

=========================================================================
*                      Synthesis Options Summary                        *
=========================================================================
---- Source Parameters
Input File Name                    : "vt100.prj"
Input Format                       : mixed
Ignore Synthesis Constraint File   : NO

---- Target Parameters
Output File Name                   : "vt100"
Output Format                      : NGC
Target Device                      : XC9500 CPLDs

---- Source Options
Top Module Name                    : vt100
Automatic FSM Extraction           : YES
FSM Encoding Algorithm             : Auto
Safe Implementation                : No
Mux Extraction                     : Yes
Resource Sharing                   : YES

---- Target Options
Add IO Buffers                     : YES
MACRO Preserve                     : YES
XOR Preserve                       : YES
Equivalent register Removal        : YES

---- General Options
Optimization Goal                  : Speed
Optimization Effort                : 1
Keep Hierarchy                     : Yes
Netlist Hierarchy                  : As_Optimized
RTL Output                         : Yes
Hierarchy Separator                : /
Bus Delimiter                      : <>
Case Specifier                     : Maintain
Verilog 2001                       : YES

---- Other Options
wysiwyg                            : NO

=========================================================================


=========================================================================
*                          HDL Compilation                              *
=========================================================================
Compiling vhdl file "C:/github/fabian/VGA/VT100_CPLD/vt100.vhd" in Library work.
Entity <vt100> compiled.
Entity <vt100> (Architecture <behavioral>) compiled.

=========================================================================
*                     Design Hierarchy Analysis                         *
=========================================================================
Analyzing hierarchy for entity <vt100> in library <work> (architecture <behavioral>).


=========================================================================
*                            HDL Analysis                               *
=========================================================================
Analyzing Entity <vt100> in library <work> (Architecture <behavioral>).
Entity <vt100> analyzed. Unit <vt100> generated.


=========================================================================
*                           HDL Synthesis                               *
=========================================================================

Performing bidirectional port resolution...

Synthesizing Unit <vt100>.
    Related source file is "C:/github/fabian/VGA/VT100_CPLD/vt100.vhd".
WARNING:Xst:647 - Input <LOADSRIN> is never used. This port will be preserved and left unconnected if it belongs to a top-level block or it belongs to a sub-block and the hierarchy of this sub-block is preserved.
WARNING:Xst:1780 - Signal <I_LOADAD> is never used or assigned. This unconnected signal will be trimmed during the optimization process.
    Found 1-bit register for signal <HSYNC>.
    Found 1-bit register for signal <VSYNC>.
    Found 1-bit register for signal <LOADDAT>.
    Found 1-bit register for signal <LOADCOL>.
    Found 1-bit register for signal <LOADCOLB>.
    Found 1-bit register for signal <LOADSR>.
    Found 1-bit register for signal <LOADCHR>.
    Found 1-bit register for signal <DISPEN>.
    Found 1-bit register for signal <LCHRLINE>.
    Found 3-bit up counter for signal <clk>.
    Found 1-bit register for signal <I_CHAROE>.
    Found 1-bit register for signal <I_CRTCOE>.
    Found 1-bit register for signal <I_DE>.
    Found 1-bit register for signal <I_OE_ADR>.
    Found 1-bit register for signal <I_OE_DAT>.
    Found 1-bit register for signal <I_OE_RAM>.
    Found 1-bit register for signal <I_WE_RAM>.
    Found 1-bit register for signal <ramacc>.
    Found 1-bit register for signal <ramstart>.
    Found 1-bit register for signal <rw>.
    Summary:
	inferred   1 Counter(s).
	inferred  19 D-type flip-flop(s).
Unit <vt100> synthesized.


=========================================================================
HDL Synthesis Report

Macro Statistics
# Counters                                             : 1
 3-bit up counter                                      : 1
# Registers                                            : 19
 1-bit register                                        : 19

=========================================================================

=========================================================================
*                       Advanced HDL Synthesis                          *
=========================================================================


=========================================================================
Advanced HDL Synthesis Report

Macro Statistics
# Counters                                             : 1
 3-bit up counter                                      : 1
# Registers                                            : 19
 Flip-Flops                                            : 19

=========================================================================

=========================================================================
*                         Low Level Synthesis                           *
=========================================================================

Optimizing unit <vt100> ...

=========================================================================
*                           Partition Report                            *
=========================================================================

Partition Implementation Status
-------------------------------

  No Partitions were found in this design.

-------------------------------

=========================================================================
*                            Final Report                               *
=========================================================================
Final Results
RTL Top Level Output File Name     : vt100.ngr
Top Level Output File Name         : vt100
Output Format                      : NGC
Optimization Goal                  : Speed
Keep Hierarchy                     : Yes
Target Technology                  : XC9500 CPLDs
Macro Preserve                     : YES
XOR Preserve                       : YES
wysiwyg                            : NO

Design Statistics
# IOs                              : 27

Cell Usage :
# BELS                             : 178
#      AND2                        : 55
#      AND3                        : 9
#      AND4                        : 1
#      INV                         : 65
#      OR2                         : 42
#      OR3                         : 3
#      OR4                         : 1
#      XOR2                        : 2
# FlipFlops/Latches                : 22
#      FD                          : 22
# IO Buffers                       : 26
#      IBUF                        : 8
#      OBUF                        : 18
=========================================================================


Total REAL time to Xst completion: 5.00 secs
Total CPU time to Xst completion: 5.13 secs
 
--> 

Total memory usage is 248028 kilobytes

Number of errors   :    0 (   0 filtered)
Number of warnings :    2 (   0 filtered)
Number of infos    :    0 (   0 filtered)

