     1 			;***********************************************************************
     2 			; MICROCOSM ASSOCIATES  8080/8085 CPU DIAGNOSTIC VERSION 1.0  (C) 1980
     3 			;***********************************************************************
     4 			;
     5 			;DONATED TO THE "SIG/M" CP/M USER'S GROUP BY:
     6 			;KELLY SMITH, MICROCOSM ASSOCIATES
     7 			;3055 WACO AVENUE
     8 			;SIMI VALLEY, CALIFORNIA, 93065
     9 			;(805) 527-9321 (MODEM, CP/M-NET (TM))
    10 			;(805) 527-0518 (VERBAL)
    11 			;
    12 			;  Updated by Mike Douglas October, 2012 
    13 			;
    14 			;	Added the following tests that were missing:
    15 			;	   mov c,m
    16 			;	   mov m,c
    17 			;	   ana b
    18 			;
    19 			;	Fixed the CPUER exit routine which did not display the
    20 			;	   low byte of the failure address properly.
    21 			;
    22 			;	Added display of the Microcosm welcome message
    23 			;
    24      01 00		ORG	00100H
    25
    26 			;
    27 0100 C3 B6 01		JMP	CPU	;JUMP TO 8080 CPU DIAGNOSTIC
    28 			;
    29 0103		WELCOM	DB	'MICROCOSM ASSOCIATES 8080/8085 CPU DIAGNOSTIC',13,10
            4D 49 43 52 
            4F 43 4F 53 
            4D 20 41 53 
            53 4F 43 49 
            41 54 45 53 
            20 38 30 38 
            30 2F 38 30 
            38 35 20 43 
            50 55 20 44 
            49 41 47 4E 
            4F 53 54 49 
            43 0D 0A 
    30 0132			DB	' VERSION 1.0  (C) 1980',13,10,'$'
            20 56 45 52 
            53 49 4F 4E 
            20 31 2E 30 
            20 20 28 43 
            29 20 31 39 
            38 30 0D 0A 
            24 
    31 			;
    32      00 05	BDOS	EQU	00005H	;BDOS ENTRY TO CP/M
    33      00 00	WBOOT	EQU	00000H	;RE-ENTRY TO CP/M WARM BOOT
    34 			;
    35 			;
    36 			;
    37 			;MESSAGE OUTPUT ROUTINE
    38 			;
    39 014B E5		MSG:	PUSH	H
    40 014C 7E		MSGLP:	MOV	A,M
    41 014D FE 24		CPI	'$'
    42 014F CA 59 01		JZ	MSGEX
    43 0152 CD 5B 01		call	PCHAR
    44 0155 23			INX	H
    45 0156 C3 4C 01		JMP	MSGLP
    46 			;	PUSH	D	;EXILE D REG.
    47 			;	XCHG		;SWAP H&L REGS. TO D&E REGS.
    48 			;	MVI	C,9	;LET BDOS KNOW WE WANT TO SEND A MESSAGE
    49 			;	CALL	BDOS
    50 			;	POP	D	;BACK FROM EXILE
    51 			MSGEX:
    52 0159 E1			POP	H
    53 015A C9			RET
    54 			;
    55 			;
    56 			;
    57 			;CHARACTER OUTPUT ROUTINE
    58 			;
    59 			PCHAR:	
    60 			;	OUT	1
    61 			;	MVI	C,2
    62 			;	CALL	BDOS
    63
    64 			;STATA		equ 1
    65 			;TRANSA		equ 3
    66 			;
    67 			;		push	PSW
    68 			;chrout1:	in	STATA
    69 			;		ani	4
    70 			;		jz	chrout1
    71 			;		pop	PSW
    72 			;		out	TRANSA
    73 015B D3 01		OUT	1
    74 015D C9			RET
    75 			;
    76 			;
    77 			;
    78 015E F5		BYTEO:	PUSH	PSW
    79 015F CD 6E 01		CALL	BYTO1
    80 0162 5F			MOV	E,A
    81 0163 CD 5B 01		CALL	PCHAR
    82 0166 F1			POP	PSW
    83 0167 CD 72 01		CALL	BYTO2
    84 016A 5F			MOV	E,A
    85 016B C3 5B 01		JMP	PCHAR
    86 016E 0F		BYTO1:	RRC
    87 016F 0F			RRC
    88 0170 0F			RRC
    89 0171 0F			RRC
    90 0172 E6 0F	BYTO2:	ANI	0FH
    91 0174 FE 0A		CPI	0AH
    92 0176 FA 7B 01		JM	BYTO3
    93 0179 C6 07		ADI	7
    94 017B C6 30	BYTO3:	ADI	'0'
    95 017D C9			RET
    96 			;
    97 			;
    98 			;
    99 			;************************************************************
   100 			;           MESSAGE TABLE FOR OPERATIONAL CPU TEST
   101 			;************************************************************
   102 			;
   103 017E		OKCPU:	DB	0DH,0AH,' CPU IS OPERATIONAL$'
            0D 0A 20 43 
            50 55 20 49 
            53 20 4F 50 
            45 52 41 54 
            49 4F 4E 41 
            4C 24 
   104 			;
   105 0194		NGCPU:	DB	0DH,0AH,' CPU HAS FAILED!    ERROR EXIT=$'
            0D 0A 20 43 
            50 55 20 48 
            41 53 20 46 
            41 49 4C 45 
            44 21 20 20 
            20 20 45 52 
            52 4F 52 20 
            45 58 49 54 
            3D 24 
   106 			;
   107 			;
   108 			;
   109 			;************************************************************
   110 			;                8080/8085 CPU TEST/DIAGNOSTIC
   111 			;************************************************************
   112 			;
   113 			;NOTE: (1) PROGRAM ASSUMES "CALL",AND "LXI SP" INSTRUCTIONS WORK!
   114 			;
   115 			;      (2) INSTRUCTIONS NOT TESTED ARE "HLT","DI","EI","RIM","SIM",
   116 			;          AND "RST 0" THRU "RST 7"
   117 			;
   118 			;
   119 			;
   120 			;TEST JUMP INSTRUCTIONS AND FLAGS
   121 			;
   122 01B6 31 C2 07	CPU:	LXI	SP,STACK	;SET THE STACK POINTER
   123 01B9 21 03 01		LXI	H,WELCOM
   124 01BC CD 4B 01		CALL	MSG
   125 01BF E6 00		ANI	0	;INITIALIZE A REG. AND CLEAR ALL FLAGS
   126 01C1 CA C7 01		JZ	J010	;TEST "JZ"
   127 01C4 CD A1 06		CALL	CPUER
   128 01C7 D2 CD 01	J010:	JNC	J020	;TEST "JNC"
   129 01CA CD A1 06		CALL	CPUER
   130 01CD EA D3 01	J020:	JPE	J030	;TEST "JPE"
   131 01D0 CD A1 06		CALL	CPUER
   132 01D3 F2 D9 01	J030:	JP	J040	;TEST "JP"
   133 01D6 CD A1 06		CALL	CPUER
   134 01D9 C2 E8 01	J040:	JNZ	J050	;TEST "JNZ"
   135 01DC DA E8 01		JC	J050	;TEST "JC"	
   136 01DF E2 E8 01		JPO	J050	;TEST "JPO"
   137 01E2 FA E8 01		JM	J050	;TEST "JM"
   138 01E5 C3 EB 01		JMP	J060	;TEST "JMP" (IT'S A LITTLE LATE,BUT WHAT THE HELL!
   139 01E8 CD A1 06	J050:	CALL	CPUER
   140 01EB C6 06	J060:	ADI	6	;A=6,C=0,P=1,S=0,Z=0
   141 01ED C2 F3 01		JNZ	J070	;TEST "JNZ"
   142 01F0 CD A1 06		CALL	CPUER
   143 01F3 DA F9 01	J070:	JC	J080	;TEST "JC"
   144 			;	JPO	J080	;TEST "JPO"	*** z80 
   145 01F6 F2 FC 01		JP	J090	;TEST "JP"
   146 01F9 CD A1 06	J080:	CALL	CPUER
   147 01FC C6 70	J090:	ADI	070H	;A=76H,C=0,P=0,S=0,Z=0
   148 01FE E2 04 02		JPO	J100	;TEST "JPO"
   149 0201 CD A1 06		CALL	CPUER
   150 0204 FA 0D 02	J100:	JM	J110	;TEST "JM"
   151 0207 CA 0D 02		JZ	J110	;TEST "JZ"
   152 020A D2 10 02		JNC	J120	;TEST "JNC"
   153 020D CD A1 06	J110:	CALL	CPUER
   154 0210 C6 81	J120:	ADI	081H	;A=F7H,C=0,P=0,S=1,Z=0
   155 0212 FA 18 02		JM	J130	;TEST "JM"
   156 0215 CD A1 06		CALL	CPUER
   157 0218 CA 21 02	J130:	JZ	J140	;TEST "JZ"
   158 021B DA 21 02		JC	J140	;TEST "JC"
   159 021E E2 24 02		JPO	J150	;TEST "JPO"
   160 0221 CD A1 06	J140:	CALL	CPUER
   161 0224 C6 FE	J150:	ADI	0FEH	;A=F5H,C=1,P=1,S=1,Z=0
   162 0226 DA 2C 02		JC	J160	;TEST "JC"
   163 0229 CD A1 06		CALL	CPUER
   164 022C CA 32 02	J160:	JZ	J170	;TEST "JZ"
   165 			;	JPO	J170	;TEST "JPO"
   166 022F FA 35 02		JM	AIMM	;TEST "JM"
   167 0232 CD A1 06	J170:	CALL	CPUER
   168 			;
   169 			;
   170 			;
   171 			;TEST ACCUMULATOR IMMEDIATE INSTRUCTIONS
   172 			;
   173 0235 FE 00	AIMM:	CPI	0	;A=F5H,C=0,Z=0
   174 0237 DA 4D 02		JC	CPIE	;TEST "CPI" FOR RE-SET CARRY
   175 023A CA 4D 02		JZ	CPIE	;TEST "CPI" FOR RE-SET ZERO
   176 023D FE F5		CPI	0F5H	;A=F5H,C=0,Z=1
   177 023F DA 4D 02		JC	CPIE	;TEST "CPI" FOR RE-SET CARRY ("ADI")
   178 0242 C2 4D 02		JNZ	CPIE	;TEST "CPI" FOR RE-SET ZERO
   179 0245 FE FF		CPI	0FFH	;A=F5H,C=1,Z=0
   180 0247 CA 4D 02		JZ	CPIE	;TEST "CPI" FOR RE-SET ZERO
   181 024A DA 50 02		JC	ACII	;TEST "CPI" FOR SET CARRY
   182 024D CD A1 06	CPIE:	CALL	CPUER
   183 0250 CE 0A	ACII:	ACI	00AH	;A=F5H+0AH+CARRY(1)=0,C=1
   184 0252 CE 0A		ACI	00AH	;A=0+0AH+CARRY(0)=0BH,C=0
   185 0254 FE 0B		CPI	00BH
   186 0256 CA 5C 02		JZ	SUII	;TEST "ACI"
   187 0259 CD A1 06		CALL	CPUER
   188 025C D6 0C	SUII:	SUI	00CH	;A=FFH,C=0
   189 025E D6 0F		SUI	00FH	;A=F0H,C=1
   190 0260 FE F0		CPI	0F0H
   191 0262 CA 68 02		JZ	SBII	;TEST "SUI"
   192 0265 CD A1 06		CALL	CPUER
   193 0268 DE F1	SBII:	SBI	0F1H	;A=F0H-0F1H-CARRY(0)=FFH,C=1
   194 026A DE 0E		SBI	00EH	;A=FFH-OEH-CARRY(1)=F0H,C=0
   195 026C FE F0		CPI	0F0H
   196 026E CA 74 02		JZ	ANII	;TEST "SBI"
   197 0271 CD A1 06		CALL	CPUER
   198 0274 E6 55	ANII:	ANI	055H	;A=F0H<AND>55H=50H,C=0,P=1,S=0,Z=0
   199 0276 FE 50		CPI	050H
   200 0278 CA 7E 02		JZ	ORII	;TEST "ANI"
   201 027B CD A1 06		CALL	CPUER
   202 027E F6 3A	ORII:	ORI	03AH	;A=50H<OR>3AH=7AH,C=0,P=0,S=0,Z=0
   203 0280 FE 7A		CPI	07AH
   204 0282 CA 88 02		JZ	XRII	;TEST "ORI"
   205 0285 CD A1 06		CALL	CPUER
   206 0288 EE 0F	XRII:	XRI	00FH	;A=7AH<XOR>0FH=75H,C=0,P=0,S=0,Z=0
   207 028A FE 75		CPI	075H
   208 028C CA 92 02		JZ	C010	;TEST "XRI"
   209 028F CD A1 06		CALL	CPUER
   210 			;
   211 			;
   212 			;
   213 			;TEST CALLS AND RETURNS
   214 			;
   215 0292 E6 00	C010:	ANI	000H	;A=0,C=0,P=1,S=0,Z=1
   216 0294 DC A1 06		CC	CPUER	;TEST "CC"
   217 0297 E4 A1 06		CPO	CPUER	;TEST "CPO"
   218 029A FC A1 06		CM	CPUER	;TEST "CM"
   219 029D C4 A1 06		CNZ	CPUER	;TEST "CNZ"
   220 02A0 FE 00		CPI	000H
   221 02A2 CA A8 02		JZ	C020	;A=0,C=0,P=0,S=0,Z=1
   222 02A5 CD A1 06		CALL	CPUER
   223 02A8 D6 77	C020:	SUI	077H	;A=89H,C=1,P=0,S=1,Z=0
   224 02AA D4 A1 06		CNC	CPUER	;TEST "CNC"
   225 02AD EC A1 06		CPE	CPUER	;TEST "CPE"
   226 02B0 F4 A1 06		CP	CPUER	;TEST "CP"
   227 02B3 CC A1 06		CZ	CPUER	;TEST "CZ"
   228 02B6 FE 89		CPI	089H
   229 02B8 CA BE 02		JZ	C030	;TEST FOR "CALLS" TAKING BRANCH
   230 02BB CD A1 06		CALL	CPUER
   231 02BE F2 2B 03	C030:	jp	MOVI
   232 02C1 E6 FF		ANI	0FFH	;SET FLAGS BACK!
   233 02C3 E4 CE 02		CPO	CPOI	;TEST "CPO"
   234 02C6 FE D9		CPI	0D9H
   235 02C8 CA 2B 03		JZ	MOVI	;TEST "CALL" SEQUENCE SUCCESS
   236 02CB CD A1 06		CALL	CPUER
   237 02CE E8		CPOI:	RPE		;TEST "RPE"
   238 02CF C6 10		ADI	010H	;A=99H,C=0,P=0,S=1,Z=0
   239 02D1 EC DA 02		CPE	CPEI	;TEST "CPE"
   240 02D4 C6 02		ADI	002H	;A=D9H,C=0,P=0,S=1,Z=0
   241 02D6 E0			RPO		;TEST "RPO"
   242 02D7 CD A1 06		CALL	CPUER
   243 02DA E0		CPEI:	RPO		;TEST "RPO"
   244 02DB C6 20		ADI	020H	;A=B9H,C=0,P=0,S=1,Z=0
   245 02DD FC E6 02		CM	CMI	;TEST "CM"
   246 02E0 C6 04		ADI	004H	;A=D7H,C=0,P=1,S=1,Z=0
   247 02E2 E8			RPE		;TEST "RPE"
   248 02E3 CD A1 06		CALL	CPUER
   249 02E6 F0		CMI:	RP		;TEST "RP"
   250 02E7 C6 80		ADI	080H	;A=39H,C=1,P=1,S=0,Z=0
   251 02E9 F4 F2 02		CP	TCPI	;TEST "CP"
   252 02EC C6 80		ADI	080H	;A=D3H,C=0,P=0,S=1,Z=0
   253 02EE F8			RM		;TEST "RM"
   254 02EF CD A1 06		CALL	CPUER
   255 02F2 F8		TCPI:	RM		;TEST "RM"
   256 02F3 C6 40		ADI	040H	;A=79H,C=0,P=0,S=0,Z=0
   257 02F5 D4 FE 02		CNC	CNCI	;TEST "CNC"
   258 02F8 C6 40		ADI	040H	;A=53H,C=0,P=1,S=0,Z=0
   259 02FA F0			RP		;TEST "RP"
   260 02FB CD A1 06		CALL	CPUER
   261 02FE D8		CNCI:	RC		;TEST "RC"
   262 02FF C6 8F		ADI	08FH	;A=08H,C=1,P=0,S=0,Z=0
   263 0301 DC 0A 03		CC	CCI	;TEST "CC"
   264 0304 D6 02		SUI	002H	;A=13H,C=0,P=0,S=0,Z=0
   265 0306 D0			RNC		;TEST "RNC"
   266 0307 CD A1 06		CALL	CPUER
   267 030A D0		CCI:	RNC		;TEST "RNC"
   268 030B C6 F7		ADI	0F7H	;A=FFH,C=0,P=1,S=1,Z=0
   269 030D C4 16 03		CNZ	CNZI	;TEST "CNZ"
   270 0310 C6 FE		ADI	0FEH	;A=15H,C=1,P=0,S=0,Z=0
   271 0312 D8			RC		;TEST "RC"
   272 0313 CD A1 06		CALL	CPUER
   273 0316 C8		CNZI:	RZ		;TEST "RZ"
   274 0317 C6 01		ADI	001H	;A=00H,C=1,P=1,S=0,Z=1
   275 0319 CC 22 03		CZ	CZI	;TEST "CZ"
   276 031C C6 D0		ADI	0D0H	;A=17H,C=1,P=1,S=0,Z=0
   277 031E C0			RNZ		;TEST "RNZ"
   278 031F CD A1 06		CALL	CPUER
   279 0322 C0		CZI:	RNZ		;TEST "RNZ"
   280 0323 C6 47		ADI	047H	;A=47H,C=0,P=1,S=0,Z=0
   281 0325 FE 47		CPI	047H	;A=47H,C=0,P=1,S=0,Z=1
   282 0327 C8			RZ		;TEST "RZ"
   283 0328 CD A1 06		CALL	CPUER
   284 			;
   285 			;
   286 			;
   287 			;TEST "MOV","INR",AND "DCR" INSTRUCTIONS
   288 			;
   289 032B 3E 77	MOVI:	MVI	A,077H
   290 032D 3C			INR	A
   291 032E 47			MOV	B,A
   292 032F 04			INR	B
   293 0330 48			MOV	C,B
   294 0331 0D			DCR	C
   295 0332 51			MOV	D,C
   296 0333 5A			MOV	E,D
   297 0334 63			MOV	H,E
   298 0335 6C			MOV	L,H
   299 0336 7D			MOV	A,L	;TEST "MOV" A,L,H,E,D,C,B,A
   300 0337 3D			DCR	A
   301 0338 4F			MOV	C,A
   302 0339 59			MOV	E,C
   303 033A 6B			MOV	L,E
   304 033B 45			MOV	B,L
   305 033C 50			MOV	D,B
   306 033D 62			MOV	H,D
   307 033E 7C			MOV	A,H	;TEST "MOV" A,H,D,B,L,E,C,A
   308 033F 57			MOV	D,A
   309 0340 14			INR	D
   310 0341 6A			MOV	L,D
   311 0342 4D			MOV	C,L
   312 0343 0C			INR	C
   313 0344 61			MOV	H,C
   314 0345 44			MOV	B,H
   315 0346 05			DCR	B
   316 0347 58			MOV	E,B
   317 0348 7B			MOV	A,E	;TEST "MOV" A,E,B,H,C,L,D,A
   318 0349 5F			MOV	E,A
   319 034A 1C			INR	E
   320 034B 43			MOV	B,E
   321 034C 60			MOV	H,B
   322 034D 24			INR	H
   323 034E 4C			MOV	C,H
   324 034F 69			MOV	L,C
   325 0350 55			MOV	D,L
   326 0351 15			DCR	D
   327 0352 7A			MOV	A,D	;TEST "MOV" A,D,L,C,H,B,E,A
   328 0353 67			MOV	H,A
   329 0354 25			DCR	H
   330 0355 54			MOV	D,H
   331 0356 42			MOV	B,D
   332 0357 68			MOV	L,B
   333 0358 2C			INR	L
   334 0359 5D			MOV	E,L
   335 035A 1D			DCR	E
   336 035B 4B			MOV	C,E
   337 035C 79			MOV	A,C	;TEST "MOV" A,C,E,L,B,D,H,A
   338 035D 6F			MOV	L,A
   339 035E 2D			DCR	L
   340 035F 65			MOV	H,L
   341 0360 5C			MOV	E,H
   342 0361 53			MOV	D,E
   343 0362 4A			MOV	C,D
   344 0363 41			MOV	B,C
   345 0364 78			MOV	A,B
   346 0365 FE 77		CPI	077H
   347 0367 C4 A1 06		CNZ	CPUER	;TEST "MOV" A,B,C,D,E,H,L,A
   348 			;
   349 			;
   350 			;
   351 			;TEST ARITHMETIC AND LOGIC INSTRUCTIONS
   352 			;
   353 036A AF			XRA	A
   354 036B 06 01		MVI	B,001H
   355 036D 0E 03		MVI	C,003H
   356 036F 16 07		MVI	D,007H
   357 0371 1E 0F		MVI	E,00FH
   358 0373 26 1F		MVI	H,01FH
   359 0375 2E 3F		MVI	L,03FH
   360 0377 80			ADD	B
   361 0378 81			ADD	C
   362 0379 82			ADD	D
   363 037A 83			ADD	E
   364 037B 84			ADD	H
   365 037C 85			ADD	L
   366 037D 87			ADD	A
   367 037E FE F0		CPI	0F0H
   368 0380 C4 A1 06		CNZ	CPUER	;TEST "ADD" B,C,D,E,H,L,A
   369 0383 90			SUB	B
   370 0384 91			SUB	C
   371 0385 92			SUB	D
   372 0386 93			SUB	E
   373 0387 94			SUB	H
   374 0388 95			SUB	L
   375 0389 FE 78		CPI	078H
   376 038B C4 A1 06		CNZ	CPUER	;TEST "SUB" B,C,D,E,H,L
   377 038E 97			SUB	A
   378 038F C4 A1 06		CNZ	CPUER	;TEST "SUB" A
   379 0392 3E 80		MVI	A,080H
   380 0394 87			ADD	A
   381 0395 06 01		MVI	B,001H
   382 0397 0E 02		MVI	C,002H
   383 0399 16 03		MVI	D,003H
   384 039B 1E 04		MVI	E,004H
   385 039D 26 05		MVI	H,005H
   386 039F 2E 06		MVI	L,006H
   387 03A1 88			ADC	B
   388 03A2 06 80		MVI	B,080H
   389 03A4 80			ADD	B
   390 03A5 80			ADD	B
   391 03A6 89			ADC	C
   392 03A7 80			ADD	B
   393 03A8 80			ADD	B
   394 03A9 8A			ADC	D
   395 03AA 80			ADD	B
   396 03AB 80			ADD	B
   397 03AC 8B			ADC	E
   398 03AD 80			ADD	B
   399 03AE 80			ADD	B
   400 03AF 8C			ADC	H
   401 03B0 80			ADD	B
   402 03B1 80			ADD	B
   403 03B2 8D			ADC	L
   404 03B3 80			ADD	B
   405 03B4 80			ADD	B
   406 03B5 8F			ADC	A
   407 03B6 FE 37		CPI	037H
   408 03B8 C4 A1 06		CNZ	CPUER	;TEST "ADC" B,C,D,E,H,L,A
   409 03BB 3E 80		MVI	A,080H
   410 03BD 87			ADD	A
   411 03BE 06 01		MVI	B,001H
   412 03C0 98			SBB	B
   413 03C1 06 FF		MVI	B,0FFH
   414 03C3 80			ADD	B
   415 03C4 99			SBB	C
   416 03C5 80			ADD	B
   417 03C6 9A			SBB	D
   418 03C7 80			ADD	B
   419 03C8 9B			SBB	E
   420 03C9 80			ADD	B
   421 03CA 9C			SBB	H
   422 03CB 80			ADD	B
   423 03CC 9D			SBB	L
   424 03CD FE E0		CPI	0E0H
   425 03CF C4 A1 06		CNZ	CPUER	;TEST "SBB" B,C,D,E,H,L
   426 03D2 3E 80		MVI	A,080H
   427 03D4 87			ADD	A
   428 03D5 9F			SBB	A
   429 03D6 FE FF		CPI	0FFH
   430 03D8 C4 A1 06		CNZ	CPUER	;TEST "SBB" A
   431 03DB 3E FF		MVI	A,0FFH
   432 03DD 06 FE		MVI	B,0FEH
   433 03DF 0E FC		MVI	C,0FCH
   434 03E1 16 EF		MVI	D,0EFH
   435 03E3 1E 7F		MVI	E,07FH
   436 03E5 26 F4		MVI	H,0F4H
   437 03E7 2E BF		MVI	L,0BFH
   438 03E9 A0			ANA	B	;changed from ANA A (mwd)
   439 03EA A1			ANA	C
   440 03EB A2			ANA	D
   441 03EC A3			ANA	E
   442 03ED A4			ANA	H
   443 03EE A5			ANA	L
   444 03EF A7			ANA	A
   445 03F0 FE 24		CPI	024H
   446 03F2 C4 A1 06		CNZ	CPUER	;TEST "ANA" B,C,D,E,H,L,A
   447 03F5 AF			XRA	A
   448 03F6 06 01		MVI	B,001H
   449 03F8 0E 02		MVI	C,002H
   450 03FA 16 04		MVI	D,004H
   451 03FC 1E 08		MVI	E,008H
   452 03FE 26 10		MVI	H,010H
   453 0400 2E 20		MVI	L,020H
   454 0402 B0			ORA	B
   455 0403 B1			ORA	C
   456 0404 B2			ORA	D
   457 0405 B3			ORA	E
   458 0406 B4			ORA	H
   459 0407 B5			ORA	L
   460 0408 B7			ORA	A
   461 0409 FE 3F		CPI	03FH
   462 040B C4 A1 06		CNZ	CPUER	;TEST "ORA" B,C,D,E,H,L,A
   463 040E 3E 00		MVI	A,000H
   464 0410 26 8F		MVI	H,08FH
   465 0412 2E 4F		MVI	L,04FH
   466 0414 A8			XRA	B
   467 0415 A9			XRA	C
   468 0416 AA			XRA	D
   469 0417 AB			XRA	E
   470 0418 AC			XRA	H
   471 0419 AD			XRA	L
   472 041A FE CF		CPI	0CFH
   473 041C C4 A1 06		CNZ	CPUER	;TEST "XRA" B,C,D,E,H,L
   474 041F AF			XRA	A
   475 0420 C4 A1 06		CNZ	CPUER	;TEST "XRA" A
   476 0423 06 44		MVI	B,044H
   477 0425 0E 45		MVI	C,045H
   478 0427 16 46		MVI	D,046H
   479 0429 1E 47		MVI	E,047H
   480 042B 26 06		MVI	H,(TEMP0 / 0FFH)	;HIGH BYTE OF TEST MEMORY LOCATION
   481 042D 2E C4		MVI	L,(TEMP0 & 0FFH)	;LOW BYTE OF TEST MEMORY LOCATION
   482 042F 70			MOV	M,B
   483 0430 06 00		MVI	B,000H
   484 0432 46			MOV	B,M
   485 0433 3E 44		MVI	A,044H
   486 0435 B8			CMP	B
   487 0436 C4 A1 06		CNZ	CPUER	;TEST "MOV" M,B AND B,M
   488 0439 71			MOV	M,C	;added (mwd)
   489 043A 0E 00		MVI	C,000H	;added (mwd)
   490 043C 4E			MOV	C,M	;added (mwd)
   491 043D 3E 45		MVI	A,045H	;added (mwd)
   492 043F B9			CMP	C	;added (mwd)
   493 0440 C4 A1 06		CNZ	CPUER	;TEST "MOV" M,C AND C,M	added (mwd)
   494 0443 72			MOV	M,D
   495 0444 16 00		MVI	D,000H
   496 0446 56			MOV	D,M
   497 0447 3E 46		MVI	A,046H
   498 0449 BA			CMP	D
   499 044A C4 A1 06		CNZ	CPUER	;TEST "MOV" M,D AND D,M
   500 044D 73			MOV	M,E
   501 044E 1E 00		MVI	E,000H
   502 0450 5E			MOV	E,M
   503 0451 3E 47		MVI	A,047H
   504 0453 BB			CMP	E
   505 0454 C4 A1 06		CNZ	CPUER	;TEST "MOV" M,E AND E,M
   506 0457 74			MOV	M,H
   507 0458 26 06		MVI	H,(TEMP0 / 0FFH)
   508 045A 2E C4		MVI	L,(TEMP0 & 0FFH)
   509 045C 66			MOV	H,M
   510 045D 3E 06		MVI	A,(TEMP0 / 0FFH)
   511 045F BC			CMP	H
   512 0460 C4 A1 06		CNZ	CPUER	;TEST "MOV" M,H AND H,M
   513 0463 75			MOV	M,L
   514 0464 26 06		MVI	H,(TEMP0 / 0FFH)
   515 0466 2E C4		MVI	L,(TEMP0 & 0FFH)
   516 0468 6E			MOV	L,M
   517 0469 3E C4		MVI	A,(TEMP0 & 0FFH)
   518 046B BD			CMP	L
   519 046C C4 A1 06		CNZ	CPUER	;TEST "MOV" M,L AND L,M
   520 046F 26 06		MVI	H,(TEMP0 / 0FFH)
   521 0471 2E C4		MVI	L,(TEMP0 & 0FFH)
   522 0473 3E 32		MVI	A,032H
   523 0475 77			MOV	M,A
   524 0476 BE			CMP	M
   525 0477 C4 A1 06		CNZ	CPUER	;TEST "MOV" M,A
   526 047A 86			ADD	M
   527 047B FE 64		CPI	064H
   528 047D C4 A1 06		CNZ	CPUER	;TEST "ADD" M
   529 0480 AF			XRA	A
   530 0481 7E			MOV	A,M
   531 0482 FE 32		CPI	032H
   532 0484 C4 A1 06		CNZ	CPUER	;TEST "MOV" A,M
   533 0487 26 06		MVI	H,(TEMP0 / 0FFH)
   534 0489 2E C4		MVI	L,(TEMP0 & 0FFH)
   535 048B 7E			MOV	A,M
   536 048C 96			SUB	M
   537 048D C4 A1 06		CNZ	CPUER	;TEST "SUB" M
   538 0490 3E 80		MVI	A,080H
   539 0492 87			ADD	A
   540 0493 8E			ADC	M
   541 0494 FE 33		CPI	033H
   542 0496 C4 A1 06		CNZ	CPUER	;TEST "ADC" M
   543 0499 3E 80		MVI	A,080H
   544 049B 87			ADD	A
   545 049C 9E			SBB	M
   546 049D FE CD		CPI	0CDH
   547 049F C4 A1 06		CNZ	CPUER	;TEST "SBB" M
   548 04A2 A6			ANA	M
   549 04A3 C4 A1 06		CNZ	CPUER	;TEST "ANA" M
   550 04A6 3E 25		MVI	A,025H
   551 04A8 B6			ORA	M
   552 04A9 FE 37		CPI	037H
   553 04AB C4 A1 06		CNZ	CPUER	;TEST "ORA" M
   554 04AE AE			XRA	M
   555 04AF FE 05		CPI	005H
   556 04B1 C4 A1 06		CNZ	CPUER	;TEST "XRA" M
   557 04B4 36 55		MVI	M,055H
   558 04B6 34			INR	M
   559 04B7 35			DCR	M
   560 04B8 86			ADD	M
   561 04B9 FE 5A		CPI	05AH
   562 04BB C4 A1 06		CNZ	CPUER	;TEST "INR","DCR",AND "MVI" M
   563 04BE 01 FF 12		LXI	B,12FFH
   564 04C1 11 FF 12		LXI	D,12FFH
   565 04C4 21 FF 12		LXI	H,12FFH
   566 04C7 03			INX	B
   567 04C8 13			INX	D
   568 04C9 23			INX	H
   569 04CA 3E 13		MVI	A,013H
   570 04CC B8			CMP	B
   571 04CD C4 A1 06		CNZ	CPUER	;TEST "LXI" AND "INX" B
   572 04D0 BA			CMP	D
   573 04D1 C4 A1 06		CNZ	CPUER	;TEST "LXI" AND "INX" D
   574 04D4 BC			CMP	H
   575 04D5 C4 A1 06		CNZ	CPUER	;TEST "LXI" AND "INX" H
   576 04D8 3E 00		MVI	A,000H
   577 04DA B9			CMP	C
   578 04DB C4 A1 06		CNZ	CPUER	;TEST "LXI" AND "INX" B
   579 04DE BB			CMP	E
   580 04DF C4 A1 06		CNZ	CPUER	;TEST "LXI" AND "INX" D
   581 04E2 BD			CMP	L
   582 04E3 C4 A1 06		CNZ	CPUER	;TEST "LXI" AND "INX" H
   583 04E6 0B			DCX	B
   584 04E7 1B			DCX	D
   585 04E8 2B			DCX	H
   586 04E9 3E 12		MVI	A,012H
   587 04EB B8			CMP	B
   588 04EC C4 A1 06		CNZ	CPUER	;TEST "DCX" B
   589 04EF BA			CMP	D
   590 04F0 C4 A1 06		CNZ	CPUER	;TEST "DCX" D
   591 04F3 BC			CMP	H
   592 04F4 C4 A1 06		CNZ	CPUER	;TEST "DCX" H
   593 04F7 3E FF		MVI	A,0FFH
   594 04F9 B9			CMP	C
   595 04FA C4 A1 06		CNZ	CPUER	;TEST "DCX" B
   596 04FD BB			CMP	E
   597 04FE C4 A1 06		CNZ	CPUER	;TEST "DCX" D
   598 0501 BD			CMP	L
   599 0502 C4 A1 06		CNZ	CPUER	;TEST "DCX" H
   600 0505 32 C4 06		STA	TEMP0
   601 0508 AF			XRA	A
   602 0509 3A C4 06		LDA	TEMP0
   603 050C FE FF		CPI	0FFH
   604 050E C4 A1 06		CNZ	CPUER	;TEST "LDA" AND "STA"
   605 0511 2A C2 06		LHLD	TEMPP
   606 0514 22 C4 06		SHLD	TEMP0
   607 0517 3A C2 06		LDA	TEMPP
   608 051A 47			MOV	B,A
   609 051B 3A C4 06		LDA	TEMP0
   610 051E B8			CMP	B
   611 051F C4 A1 06		CNZ	CPUER	;TEST "LHLD" AND "SHLD"
   612 0522 3A C3 06		LDA	TEMPP+1
   613 0525 47			MOV	B,A
   614 0526 3A C5 06		LDA	TEMP0+1
   615 0529 B8			CMP	B
   616 052A C4 A1 06		CNZ	CPUER	;TEST "LHLD" AND "SHLD"
   617 052D 3E AA		MVI	A,0AAH
   618 052F 32 C4 06		STA	TEMP0
   619 0532 44			MOV	B,H
   620 0533 4D			MOV	C,L
   621 0534 AF			XRA	A
   622 0535 0A			LDAX	B
   623 0536 FE AA		CPI	0AAH
   624 0538 C4 A1 06		CNZ	CPUER	;TEST "LDAX" B
   625 053B 3C			INR	A
   626 053C 02			STAX	B
   627 053D 3A C4 06		LDA	TEMP0
   628 0540 FE AB		CPI	0ABH
   629 0542 C4 A1 06		CNZ	CPUER	;TEST "STAX" B
   630 0545 3E 77		MVI	A,077H
   631 0547 32 C4 06		STA	TEMP0
   632 054A 2A C2 06		LHLD	TEMPP
   633 054D 11 00 00		LXI	D,00000H
   634 0550 EB			XCHG
   635 0551 AF			XRA	A
   636 0552 1A			LDAX	D
   637 0553 FE 77		CPI	077H
   638 0555 C4 A1 06		CNZ	CPUER	;TEST "LDAX" D AND "XCHG"
   639 0558 AF			XRA	A
   640 0559 84			ADD	H
   641 055A 85			ADD	L
   642 055B C4 A1 06		CNZ	CPUER	;TEST "XCHG"
   643 055E 3E CC		MVI	A,0CCH
   644 0560 12			STAX	D
   645 0561 3A C4 06		LDA	TEMP0
   646 0564 FE CC		CPI	0CCH
   647 0566 12			STAX	D
   648 0567 3A C4 06		LDA	TEMP0
   649 056A FE CC		CPI	0CCH
   650 056C C4 A1 06		CNZ	CPUER	;TEST "STAX" D
   651 056F 21 77 77		LXI	H,07777H
   652 0572 29			DAD	H
   653 0573 3E EE		MVI	A,0EEH
   654 0575 BC			CMP	H
   655 0576 C4 A1 06		CNZ	CPUER	;TEST "DAD" H
   656 0579 BD			CMP	L
   657 057A C4 A1 06		CNZ	CPUER	;TEST "DAD" H
   658 057D 21 55 55		LXI	H,05555H
   659 0580 01 FF FF		LXI	B,0FFFFH
   660 0583 09			DAD	B
   661 0584 3E 55		MVI	A,055H
   662 0586 D4 A1 06		CNC	CPUER	;TEST "DAD" B
   663 0589 BC			CMP	H
   664 058A C4 A1 06		CNZ	CPUER	;TEST "DAD" B
   665 058D 3E 54		MVI	A,054H
   666 058F BD			CMP	L
   667 0590 C4 A1 06		CNZ	CPUER	;TEST "DAD" B
   668 0593 21 AA AA		LXI	H,0AAAAH
   669 0596 11 33 33		LXI	D,03333H
   670 0599 19			DAD	D
   671 059A 3E DD		MVI	A,0DDH
   672 059C BC			CMP	H
   673 059D C4 A1 06		CNZ	CPUER	;TEST "DAD" D
   674 05A0 BD			CMP	L
   675 05A1 C4 A1 06		CNZ	CPUER	;TEST "DAD" B
   676 05A4 37			STC
   677 05A5 D4 A1 06		CNC	CPUER	;TEST "STC"
   678 05A8 3F			CMC
   679 05A9 DC A1 06		CC	CPUER	;TEST "CMC
   680 05AC 3E AA		MVI	A,0AAH
   681 05AE 2F			CMA	
   682 05AF FE 55		CPI	055H
   683 05B1 C4 A1 06		CNZ	CPUER	;TEST "CMA"
   684 05B4 B7			ORA	A	;RE-SET AUXILIARY CARRY
   685 05B5 27			DAA
   686 05B6 FE 55		CPI	055H
   687 05B8 C4 A1 06		CNZ	CPUER	;TEST "DAA"
   688 05BB 3E 88		MVI	A,088H
   689 05BD 87			ADD	A
   690 05BE 27			DAA
   691 05BF FE 76		CPI	076H
   692 05C1 C4 A1 06		CNZ	CPUER	;TEST "DAA"
   693 05C4 AF			XRA	A
   694 05C5 3E AA		MVI	A,0AAH
   695 05C7 27			DAA
   696 05C8 D4 A1 06		CNC	CPUER	;TEST "DAA"
   697 05CB FE 10		CPI	010H
   698 05CD C4 A1 06		CNZ	CPUER	;TEST "DAA"
   699 05D0 AF			XRA	A
   700 05D1 3E 9A		MVI	A,09AH
   701 05D3 27			DAA
   702 05D4 D4 A1 06		CNC	CPUER	;TEST "DAA"
   703 05D7 C4 A1 06		CNZ	CPUER	;TEST "DAA"
   704 05DA 37			STC
   705 05DB 3E 42		MVI	A,042H
   706 05DD 07			RLC
   707 05DE DC A1 06		CC	CPUER	;TEST "RLC" FOR RE-SET CARRY
   708 05E1 07			RLC
   709 05E2 D4 A1 06		CNC	CPUER	;TEST "RLC" FOR SET CARRY
   710 05E5 FE 09		CPI	009H
   711 05E7 C4 A1 06		CNZ	CPUER	;TEST "RLC" FOR ROTATION
   712 05EA 0F			RRC
   713 05EB D4 A1 06		CNC	CPUER	;TEST "RRC" FOR SET CARRY
   714 05EE 0F			RRC
   715 05EF FE 42		CPI	042H
   716 05F1 C4 A1 06		CNZ	CPUER	;TEST "RRC" FOR ROTATION
   717 05F4 17			RAL
   718 05F5 17			RAL
   719 05F6 D4 A1 06		CNC	CPUER	;TEST "RAL" FOR SET CARRY
   720 05F9 FE 08		CPI	008H
   721 05FB C4 A1 06		CNZ	CPUER	;TEST "RAL" FOR ROTATION
   722 05FE 1F			RAR
   723 05FF 1F			RAR
   724 0600 DC A1 06		CC	CPUER	;TEST "RAR" FOR RE-SET CARRY
   725 0603 FE 02		CPI	002H
   726 0605 C4 A1 06		CNZ	CPUER	;TEST "RAR" FOR ROTATION
   727 0608 01 34 12		LXI	B,01234H
   728 060B 11 AA AA		LXI	D,0AAAAH
   729 060E 21 55 55		LXI	H,05555H
   730 0611 AF			XRA	A
   731 0612 C5			PUSH	B
   732 0613 D5			PUSH	D
   733 0614 E5			PUSH	H
   734 0615 F5			PUSH	PSW
   735 0616 01 00 00		LXI	B,00000H
   736 0619 11 00 00		LXI	D,00000H
   737 061C 21 00 00		LXI	H,00000H
   738 061F 3E C0		MVI	A,0C0H
   739 0621 C6 F0		ADI	0F0H
   740 0623 F1			POP	PSW
   741 0624 E1			POP	H
   742 0625 D1			POP	D
   743 0626 C1			POP	B
   744 0627 DC A1 06		CC	CPUER	;TEST "PUSH PSW" AND "POP PSW"
   745 062A C4 A1 06		CNZ	CPUER	;TEST "PUSH PSW" AND "POP PSW"
   746 062D E4 A1 06		CPO	CPUER	;TEST "PUSH PSW" AND "POP PSW"
   747 0630 FC A1 06		CM	CPUER	;TEST "PUSH PSW" AND "POP PSW"
   748 0633 3E 12		MVI	A,012H
   749 0635 B8			CMP	B
   750 0636 C4 A1 06		CNZ	CPUER	;TEST "PUSH B" AND "POP B"
   751 0639 3E 34		MVI	A,034H
   752 063B B9			CMP	C
   753 063C C4 A1 06		CNZ	CPUER	;TEST "PUSH B" AND "POP B"
   754 063F 3E AA		MVI	A,0AAH
   755 0641 BA			CMP	D
   756 0642 C4 A1 06		CNZ	CPUER	;TEST "PUSH D" AND "POP D"
   757 0645 BB			CMP	E
   758 0646 C4 A1 06		CNZ	CPUER	;TEST "PUSH D" AND "POP D"
   759 0649 3E 55		MVI	A,055H
   760 064B BC			CMP	H
   761 064C C4 A1 06		CNZ	CPUER	;TEST "PUSH H" AND "POP H"
   762 064F BD			CMP	L
   763 0650 C4 A1 06		CNZ	CPUER	;TEST "PUSH H" AND "POP H"
   764 0653 21 00 00		LXI	H,00000H
   765 0656 39			DAD	SP
   766 0657 22 C9 06		SHLD	SAVSTK	;SAVE THE "OLD" STACK-POINTER!
   767 065A 31 C8 06		LXI	SP,TEMP4
   768 065D 3B			DCX	SP
   769 065E 3B			DCX	SP
   770 065F 33			INX	SP
   771 0660 3B			DCX	SP
   772 0661 3E 55		MVI	A,055H
   773 0663 32 C6 06		STA	TEMP2
   774 0666 2F			CMA
   775 0667 32 C7 06		STA	TEMP3
   776 066A C1			POP	B
   777 066B B8			CMP	B
   778 066C C4 A1 06		CNZ	CPUER	;TEST "LXI","DAD","INX",AND "DCX" SP
   779 066F 2F			CMA
   780 0670 B9			CMP	C
   781 0671 C4 A1 06		CNZ	CPUER	;TEST "LXI","DAD","INX", AND "DCX" SP
   782 0674 21 C8 06		LXI	H,TEMP4
   783 0677 F9			SPHL
   784 0678 21 33 77		LXI	H,07733H
   785 067B 3B			DCX	SP
   786 067C 3B			DCX	SP
   787 067D E3			XTHL
   788 067E 3A C7 06		LDA	TEMP3
   789 0681 FE 77		CPI	077H
   790 0683 C4 A1 06		CNZ	CPUER	;TEST "SPHL" AND "XTHL"
   791 0686 3A C6 06		LDA	TEMP2
   792 0689 FE 33		CPI	033H
   793 068B C4 A1 06		CNZ	CPUER	;TEST "SPHL" AND "XTHL"
   794 068E 3E 55		MVI	A,055H
   795 0690 BD			CMP	L
   796 0691 C4 A1 06		CNZ	CPUER	;TEST "SPHL" AND "XTHL"
   797 0694 2F			CMA
   798 0695 BC			CMP	H
   799 0696 C4 A1 06		CNZ	CPUER	;TEST "SPHL" AND "XTHL"
   800 0699 2A C9 06		LHLD	SAVSTK	;RESTORE THE "OLD" STACK-POINTER
   801 069C F9			SPHL
   802 069D 21 B7 06		LXI	H,CPUOK
   803 06A0 E9			PCHL		;TEST "PCHL"
   804 			;
   805 			;
   806 			;
   807 06A1 D3 FF	CPUER:	OUT	0FFh
   808 06A3 21 94 01		LXI	H,NGCPU	;OUTPUT "CPU HAS FAILED    ERROR EXIT=" TO CONSOLE
   809 06A6 CD 4B 01		CALL	MSG
   810 				
   811 06A9 E1			POP	H	;HL = ADDRESS FOLLOWING CALL CPUER
   812 06AA E5			PUSH	H
   813 06AB 7C			MOV	A,H
   814 06AC CD 5E 01		CALL	BYTEO	;SHOW ERROR EXIT ADDRESS HIGH BYTE
   815 06AF E1			POP	H
   816 06B0 7D			MOV	A,L
   817 06B1 CD 5E 01		CALL	BYTEO	;SHOW ERROR EXIT ADDRESS LOW BYTE
   818 06B4 C3 00 00		JMP	WBOOT	;EXIT TO CP/M WARM BOOT
   819 			;
   820 			;
   821 			;
   822 06B7 21 7E 01	CPUOK:	LXI	H,OKCPU	;OUTPUT "CPU IS OPERATIONAL" TO CONSOLE
   823 06BA CD 4B 01		CALL	MSG
   824 06BD D3 FF		OUT	0FFh
   825 06BF C3 10 0A		JMP	0A10h ;WBOOT	;EXIT TO CP/M WARM BOOT
   826 			;
   827 			;
   828 			;
   829 06C2		TEMPP:	DW	TEMP0	;POINTER USED TO TEST "LHLD","SHLD",
            C406 
   830 						; AND "LDAX" INSTRUCTIONS
   831 			;
   832 06C4		TEMP0:	DS	1	;TEMPORARY STORAGE FOR CPU TEST MEMORY LOCATIONS
   833 06C5		TEMP1:	DS	1	;TEMPORARY STORAGE FOR CPU TEST MEMORY LOCATIONS
   834 06C6		TEMP2	DS	1	;TEMPORARY STORAGE FOR CPU TEST MEMORY LOCATIONS
   835 06C7		TEMP3:	DS	1	;TEMPORARY STORAGE FOR CPU TEST MEMORY LOCATIONS
   836 06C8		TEMP4:	DS	1	;TEMPORARY STORAGE FOR CPU TEST MEMORY LOCATIONS
   837 06C9		SAVSTK:	DS	2	;TEMPORARY STACK-POINTER STORAGE LOCATION
   838 			;
   839 			;
   840 			;
   841      07 C2	STACK	EQU	TEMPP+256	;DE-BUG STACK POINTER STORAGE AREA
   842 			;
   843 			;
   844 			;
   845     			END


*******************************************************************************
                                 Symbols table
*******************************************************************************

Names		Types	Values
-----		-----	------
BDOS		EQU	00005h
WBOOT		EQU	00000h
STACK		EQU	007C2h
WELCOM		Label	00103h
MSG		Label	0014Bh
MSGLP		Label	0014Ch
MSGEX		Label	00159h
PCHAR		Label	0015Bh
BYTEO		Label	0015Eh
BYTO1		Label	0016Eh
BYTO2		Label	00172h
BYTO3		Label	0017Bh
OKCPU		Label	0017Eh
NGCPU		Label	00194h
CPU		Label	001B6h
J010		Label	001C7h
J020		Label	001CDh
J030		Label	001D3h
J040		Label	001D9h
J050		Label	001E8h
J060		Label	001EBh
J070		Label	001F3h
J080		Label	001F9h
J090		Label	001FCh
J100		Label	00204h
J110		Label	0020Dh
J120		Label	00210h
J130		Label	00218h
J140		Label	00221h
J150		Label	00224h
J160		Label	0022Ch
J170		Label	00232h
AIMM		Label	00235h
CPIE		Label	0024Dh
ACII		Label	00250h
SUII		Label	0025Ch
SBII		Label	00268h
ANII		Label	00274h
ORII		Label	0027Eh
XRII		Label	00288h
C010		Label	00292h
C020		Label	002A8h
C030		Label	002BEh
CPOI		Label	002CEh
CPEI		Label	002DAh
CMI		Label	002E6h
TCPI		Label	002F2h
CNCI		Label	002FEh
CCI		Label	0030Ah
CNZI		Label	00316h
CZI		Label	00322h
MOVI		Label	0032Bh
CPUER		Label	006A1h
CPUOK		Label	006B7h
TEMPP		Label	006C2h
TEMP0		Label	006C4h
TEMP1		Label	006C5h
TEMP2		Label	006C6h
TEMP3		Label	006C7h
TEMP4		Label	006C8h
SAVSTK		Label	006C9h

Statistics
----------
"Name"	= 0
"EQU"	= 3
"SET"	= 0
Labels	= 58


