c:\atarigit\cpm\runcpm-master\debug\vc141.pdb
c:\atarigit\cpm\runcpm-master\debug\vc141.idb
c:\atarigit\cpm\runcpm-master\debug\liolib.obj
c:\atarigit\cpm\runcpm-master\debug\llex.obj
c:\atarigit\cpm\runcpm-master\debug\lmathlib.obj
c:\atarigit\cpm\runcpm-master\debug\lmem.obj
c:\atarigit\cpm\runcpm-master\debug\loadlib.obj
c:\atarigit\cpm\runcpm-master\debug\lobject.obj
c:\atarigit\cpm\runcpm-master\debug\lopcodes.obj
c:\atarigit\cpm\runcpm-master\debug\loslib.obj
c:\atarigit\cpm\runcpm-master\debug\lparser.obj
c:\atarigit\cpm\runcpm-master\debug\lstate.obj
c:\atarigit\cpm\runcpm-master\debug\lstring.obj
c:\atarigit\cpm\runcpm-master\debug\lstrlib.obj
c:\atarigit\cpm\runcpm-master\debug\ltable.obj
c:\atarigit\cpm\runcpm-master\debug\ltablib.obj
c:\atarigit\cpm\runcpm-master\debug\ltm.obj
c:\atarigit\cpm\runcpm-master\debug\lundump.obj
c:\atarigit\cpm\runcpm-master\debug\lutf8lib.obj
c:\atarigit\cpm\runcpm-master\debug\lvm.obj
c:\atarigit\cpm\runcpm-master\debug\lzio.obj
c:\atarigit\cpm\runcpm-master\debug\main.obj
c:\atarigit\cpm\runcpm-master\debug\lapi.obj
c:\atarigit\cpm\runcpm-master\debug\lauxlib.obj
c:\atarigit\cpm\runcpm-master\debug\lbaselib.obj
c:\atarigit\cpm\runcpm-master\debug\lcode.obj
c:\atarigit\cpm\runcpm-master\debug\lcorolib.obj
c:\atarigit\cpm\runcpm-master\debug\lctype.obj
c:\atarigit\cpm\runcpm-master\debug\ldblib.obj
c:\atarigit\cpm\runcpm-master\debug\ldebug.obj
c:\atarigit\cpm\runcpm-master\debug\ldo.obj
c:\atarigit\cpm\runcpm-master\debug\ldump.obj
c:\atarigit\cpm\runcpm-master\debug\lfunc.obj
c:\atarigit\cpm\runcpm-master\debug\lgc.obj
c:\atarigit\cpm\runcpm-master\debug\linit.obj
c:\atarigit\cpm\runcpm-master\debug\runcpm.ilk
c:\atarigit\cpm\runcpm-master\debug\runcpm.exe
c:\atarigit\cpm\runcpm-master\debug\runcpm.pdb
c:\atarigit\cpm\runcpm-master\debug\runcpm.res
c:\atarigit\cpm\runcpm-master\debug\runcpm.tlog\cl.command.1.tlog
c:\atarigit\cpm\runcpm-master\debug\runcpm.tlog\cl.read.1.tlog
c:\atarigit\cpm\runcpm-master\debug\runcpm.tlog\cl.write.1.tlog
c:\atarigit\cpm\runcpm-master\debug\runcpm.tlog\link.command.1.tlog
c:\atarigit\cpm\runcpm-master\debug\runcpm.tlog\link.read.1.tlog
c:\atarigit\cpm\runcpm-master\debug\runcpm.tlog\link.write.1.tlog
c:\atarigit\cpm\runcpm-master\debug\runcpm.tlog\rc.command.1.tlog
c:\atarigit\cpm\runcpm-master\debug\runcpm.tlog\rc.read.1.tlog
c:\atarigit\cpm\runcpm-master\debug\runcpm.tlog\rc.write.1.tlog
